2023-09-26 23:07:21,968 [main] ERROR EmailAppCreator - Error reading contacts from file.
2023-09-26 23:23:21,196 [main] INFO  EmailAppCreator - Email Creator
2023-09-26 23:23:21,214 [main] ERROR EmailAppCreator - Error reading contacts from file.
2023-09-26 23:25:45,810 [main] INFO  EmailAppCreator - Email Creator
2023-09-26 23:25:47,362 [main] INFO  EmailAppCreator - Email sent to jbutler@gmail.com
2023-09-26 23:25:48,366 [main] INFO  EmailAppCreator - Email sent to josephine_darakjy@darakjy.org
2023-09-26 23:25:49,283 [main] INFO  EmailAppCreator - Email sent to art@venere.org
2023-09-26 23:25:50,199 [main] INFO  EmailAppCreator - Email sent to sujithreddysudini@gmail.com
2023-09-26 23:25:50,200 [main] INFO  EmailAppCreator - All emails sent successfully.
2023-09-26 23:31:19,666 [main] INFO  EmailAppCreator - Email Creator
2023-09-26 23:31:19,685 [main] ERROR EmailAppCreator - Error reading email template from file.
2023-09-27 00:01:10,828 [main] INFO  EmailAppCreator - Email Creator
2023-09-27 00:01:10,847 [main] ERROR EmailAppCreator - Error reading contacts from file.
2023-09-27 00:32:23,283 [main] INFO  EmailAppCreator - Email Creator
2023-09-27 00:32:23,306 [main] ERROR EmailAppCreator - Error reading contacts from file.
2023-09-27 00:33:41,501 [main] INFO  EmailAppCreator - Email Creator
2023-09-27 00:33:41,525 [main] ERROR EmailAppCreator - Error reading contacts from file.
2023-09-27 00:34:07,003 [main] INFO  EmailAppCreator - Email Creator
2023-09-27 00:34:07,024 [main] ERROR EmailAppCreator - Error reading contacts from file.
2023-09-27 00:34:41,680 [main] INFO  EmailAppCreator - Email Creator
2023-09-27 00:34:44,078 [main] INFO  EmailAppCreator - Email sent to jbutler@gmail.com
2023-09-27 00:34:44,941 [main] INFO  EmailAppCreator - Email sent to josephine_darakjy@darakjy.org
2023-09-27 00:34:45,709 [main] INFO  EmailAppCreator - Email sent to art@venere.org
2023-09-27 00:34:46,410 [main] INFO  EmailAppCreator - Email sent to sujithreddysudini@gmail.com
2023-09-27 00:34:46,411 [main] INFO  EmailAppCreator - All emails sent successfully.
2023-09-27 00:37:01,095 [main] INFO  EmailAppCreator - Email Creator
2023-09-27 00:37:03,504 [main] INFO  EmailAppCreator - Email sent to jbutler@gmail.com
2023-09-27 00:37:04,420 [main] INFO  EmailAppCreator - Email sent to josephine_darakjy@darakjy.org
2023-09-27 00:37:05,182 [main] INFO  EmailAppCreator - Email sent to art@venere.org
2023-09-27 00:37:05,963 [main] INFO  EmailAppCreator - Email sent to sujithreddysudini@gmail.com
2023-09-27 00:37:05,964 [main] INFO  EmailAppCreator - All emails sent successfully.
2023-09-27 22:36:43,797 [main] INFO  EmailAppCreator - Email Creator
2023-09-27 22:36:45,868 [main] INFO  EmailAppCreator - Email sent to jbutler@gmail.com
2023-09-27 22:36:46,934 [main] INFO  EmailAppCreator - Email sent to josephine_darakjy@darakjy.org
2023-09-27 22:36:48,469 [main] INFO  EmailAppCreator - Email sent to art@venere.org
2023-09-27 22:36:49,395 [main] INFO  EmailAppCreator - Email sent to sujithreddysudini@gmail.com
2023-09-27 22:36:49,395 [main] INFO  EmailAppCreator - All emails sent successfully.
