
2023-10-25 01:26:57,801 [main] INFO  Lab2.EmailListCleaner - Choose input file format:
2023-10-25 01:26:57,805 [main] INFO  Lab2.EmailListCleaner - 1. Text
2023-10-25 01:26:57,806 [main] INFO  Lab2.EmailListCleaner - 2. CSV
2023-10-25 01:27:02,329 [main] INFO  Lab2.EmailListCleaner - File Cleaner

2023-10-25 01:27:02,330 [main] INFO  Lab2.EmailListCleaner - Source File: Props.txt
2023-10-25 01:27:02,330 [main] INFO  Lab2.EmailListCleaner - Cleaned File: Prospects_clean.csv
2023-10-25 01:27:02,334 [main] ERROR Lab2.EmailListCleaner - Error: Invalid data format found. Skipping the line: Josephine  ,Darakjy
2023-10-25 01:27:02,338 [main] INFO  Lab2.EmailListCleaner - Congratulations! Your file has been cleaned!
2023-10-25 01:27:42,898 [main] INFO  Lab2.EmailListCleaner - Choose input file format:
2023-10-25 01:27:42,901 [main] INFO  Lab2.EmailListCleaner - 1. Text
2023-10-25 01:27:42,901 [main] INFO  Lab2.EmailListCleaner - 2. CSV
2023-10-25 01:27:44,811 [main] INFO  Lab2.EmailListCleaner - File Cleaner

2023-10-25 01:27:44,811 [main] INFO  Lab2.EmailListCleaner - Source File: Prospects.csv
2023-10-25 01:27:44,811 [main] INFO  Lab2.EmailListCleaner - Cleaned File: Prospects_clean.csv
2023-10-25 01:27:44,818 [main] INFO  Lab2.EmailListCleaner - Congratulations! Your file has been cleaned!
2023-10-25 01:29:59,852 [main] INFO  Lab2.EmailListCleaner - Choose input file format:
2023-10-25 01:29:59,855 [main] INFO  Lab2.EmailListCleaner - 1. Text
2023-10-25 01:29:59,856 [main] INFO  Lab2.EmailListCleaner - 2. CSV
2023-10-25 01:30:02,020 [main] INFO  Lab2.EmailListCleaner - File Cleaner

2023-10-25 01:30:02,020 [main] INFO  Lab2.EmailListCleaner - Source File: Props.txt
2023-10-25 01:30:02,020 [main] INFO  Lab2.EmailListCleaner - Cleaned File: Prospects_clean.csv
2023-10-25 01:30:02,021 [main] ERROR Lab2.EmailListCleaner - Error: The input file was not found. Please make sure the file exists.
2023-10-25 01:30:13,462 [main] INFO  Lab2.EmailListCleaner - Choose input file format:
2023-10-25 01:30:13,467 [main] INFO  Lab2.EmailListCleaner - 1. Text
2023-10-25 01:30:13,467 [main] INFO  Lab2.EmailListCleaner - 2. CSV
2023-10-25 01:30:15,872 [main] INFO  Lab2.EmailListCleaner - File Cleaner

2023-10-25 01:30:15,872 [main] INFO  Lab2.EmailListCleaner - Source File: Props.txt
2023-10-25 01:30:15,872 [main] INFO  Lab2.EmailListCleaner - Cleaned File: Prospects_clean.csv
2023-10-25 01:30:15,876 [main] ERROR Lab2.EmailListCleaner - Error: Invalid data format found. Skipping the line: Josephine  ,Darakjy
2023-10-25 01:30:15,883 [main] INFO  Lab2.EmailListCleaner - Congratulations! Your file has been cleaned!
2023-10-25 01:41:54,896 [main] ERROR Lab2.EmailListCleaner - Error: Invalid data format found. Skipping the line: invalidemail1
2023-10-25 01:41:54,900 [main] ERROR Lab2.EmailListCleaner - Error: Invalid data format found. Skipping the line: invalidemail2
2023-10-25 11:02:04,667 [main] INFO  Lab2.EmailListCleaner - Choose input file format:
2023-10-25 11:02:04,676 [main] INFO  Lab2.EmailListCleaner - 1. Text
2023-10-25 11:02:04,676 [main] INFO  Lab2.EmailListCleaner - 2. CSV
2023-10-25 11:02:11,016 [main] INFO  Lab2.EmailListCleaner - File Cleaner

2023-10-25 11:02:11,016 [main] INFO  Lab2.EmailListCleaner - Source File: Props.txt
2023-10-25 11:02:11,017 [main] INFO  Lab2.EmailListCleaner - Cleaned File: Prospects_clean.csv
2023-10-25 11:02:11,020 [main] ERROR Lab2.EmailListCleaner - Error: Invalid data format found. Skipping the line: Josephine  ,Darakjy
2023-10-25 11:02:11,024 [main] INFO  Lab2.EmailListCleaner - Congratulations! Your file has been cleaned!
2023-10-25 11:02:33,629 [main] INFO  Lab2.EmailListCleaner - Choose input file format:
2023-10-25 11:02:33,634 [main] INFO  Lab2.EmailListCleaner - 1. Text
2023-10-25 11:02:33,634 [main] INFO  Lab2.EmailListCleaner - 2. CSV
2023-10-25 11:02:36,379 [main] INFO  Lab2.EmailListCleaner - File Cleaner

2023-10-25 11:02:36,379 [main] INFO  Lab2.EmailListCleaner - Source File: Prospects.csv
2023-10-25 11:02:36,379 [main] INFO  Lab2.EmailListCleaner - Cleaned File: Prospects_clean.csv
2023-10-25 11:02:36,385 [main] INFO  Lab2.EmailListCleaner - Congratulations! Your file has been cleaned!
2023-10-25 11:02:52,963 [main] ERROR Lab2.EmailListCleaner - Error: Invalid data format found. Skipping the line: invalidemail1
2023-10-25 11:02:52,967 [main] ERROR Lab2.EmailListCleaner - Error: Invalid data format found. Skipping the line: invalidemail2
2023-10-25 11:03:17,143 [main] ERROR Lab2.EmailListCleaner - Error: Invalid data format found. Skipping the line: invalidemail1
2023-10-25 11:03:17,148 [main] ERROR Lab2.EmailListCleaner - Error: Invalid data format found. Skipping the line: invalidemail2
2023-10-25 12:31:22,952 [main] INFO  Lab2.EmailListCleaner - Choose input file format:
2023-10-25 12:31:22,959 [main] INFO  Lab2.EmailListCleaner - 1. Text
2023-10-25 12:31:22,959 [main] INFO  Lab2.EmailListCleaner - 2. CSV
2023-10-25 12:31:26,040 [main] INFO  Lab2.EmailListCleaner - File Cleaner

2023-10-25 12:31:26,040 [main] INFO  Lab2.EmailListCleaner - Source File: Prospects.csv
2023-10-25 12:31:26,041 [main] INFO  Lab2.EmailListCleaner - Cleaned File: Prospects_clean.csv
2023-10-25 12:31:26,059 [main] INFO  Lab2.EmailListCleaner - Congratulations! Your file has been cleaned!
2023-10-25 12:31:30,974 [main] INFO  Lab2.EmailListCleaner - Choose input file format:
2023-10-25 12:31:30,980 [main] INFO  Lab2.EmailListCleaner - 1. Text
2023-10-25 12:31:30,980 [main] INFO  Lab2.EmailListCleaner - 2. CSV
2023-10-25 12:31:32,468 [main] INFO  Lab2.EmailListCleaner - File Cleaner

2023-10-25 12:31:32,468 [main] INFO  Lab2.EmailListCleaner - Source File: Props.txt
2023-10-25 12:31:32,469 [main] INFO  Lab2.EmailListCleaner - Cleaned File: Prospects_clean.csv
2023-10-25 12:31:32,482 [main] ERROR Lab2.EmailListCleaner - Error: Invalid data format found. Skipping the line: Josephine  ,Darakjy
2023-10-25 12:31:32,488 [main] INFO  Lab2.EmailListCleaner - Congratulations! Your file has been cleaned!
2023-10-25 12:32:05,086 [main] ERROR Lab2.EmailListCleaner - Error: Invalid data format found. Skipping the line: invalidemail1
2023-10-25 12:32:05,095 [main] ERROR Lab2.EmailListCleaner - Error: Invalid data format found. Skipping the line: invalidemail2
2023-10-25 12:32:44,544 [main] INFO  Lab2.EmailListCleaner - Choose input file format:
2023-10-25 12:32:44,551 [main] INFO  Lab2.EmailListCleaner - 1. Text
2023-10-25 12:32:44,552 [main] INFO  Lab2.EmailListCleaner - 2. CSV
2023-10-25 12:35:30,487 [main] INFO  Lab2.EmailListCleaner - Choose input file format:
2023-10-25 12:35:30,493 [main] INFO  Lab2.EmailListCleaner - 1. Text
2023-10-25 12:35:30,493 [main] INFO  Lab2.EmailListCleaner - 2. CSV
2023-10-25 12:35:33,604 [main] INFO  Lab2.EmailListCleaner - File Cleaner

2023-10-25 12:35:33,604 [main] INFO  Lab2.EmailListCleaner - Source File: Props.txt
2023-10-25 12:35:33,604 [main] INFO  Lab2.EmailListCleaner - Cleaned File: Prospects_clean.csv
2023-10-25 12:35:33,608 [main] ERROR Lab2.EmailListCleaner - Error: Invalid data format found. Skipping the line: Josephine  ,Darakjy
2023-10-25 12:35:33,612 [main] INFO  Lab2.EmailListCleaner - Congratulations! Your file has been cleaned!
2023-10-25 13:03:05,210 [main] INFO  Lab2.EmailListCleaner - Choose input file format:
2023-10-25 13:03:05,217 [main] INFO  Lab2.EmailListCleaner - 1. Text
2023-10-25 13:03:05,217 [main] INFO  Lab2.EmailListCleaner - 2. CSV
2023-10-25 13:03:07,459 [main] INFO  Lab2.EmailListCleaner - File Cleaner

2023-10-25 13:03:07,460 [main] INFO  Lab2.EmailListCleaner - Source File: Props.txt
2023-10-25 13:03:07,461 [main] INFO  Lab2.EmailListCleaner - Cleaned File: Prospects_clean.csv
2023-10-25 13:03:07,464 [main] ERROR Lab2.EmailListCleaner - Error: Invalid data format found. Skipping the line: Josephine  ,Darakjy
2023-10-25 13:03:07,469 [main] INFO  Lab2.EmailListCleaner - Congratulations! Your file has been cleaned!
2023-10-25 13:04:28,674 [main] ERROR Lab2.EmailListCleaner - Error: Invalid data format found. Skipping the line: invalidemail1
2023-10-25 13:04:28,681 [main] ERROR Lab2.EmailListCleaner - Error: Invalid data format found. Skipping the line: invalidemail2
2023-10-25 19:44:14,972 [main] INFO  Lab2.EmailListCleaner - Choose input file format:
2023-10-25 19:44:14,977 [main] INFO  Lab2.EmailListCleaner - 1. Text
2023-10-25 19:44:14,977 [main] INFO  Lab2.EmailListCleaner - 2. CSV
2023-10-25 19:44:14,973 [main] INFO  Lab2.EmailListCleaner - Choose input file format:
2023-10-25 19:44:14,978 [main] INFO  Lab2.EmailListCleaner - 1. Text
2023-10-25 19:44:14,978 [main] INFO  Lab2.EmailListCleaner - 2. CSV
2023-10-25 19:44:26,011 [main] INFO  Lab2.EmailListCleaner - File Cleaner

2023-10-25 19:44:26,012 [main] INFO  Lab2.EmailListCleaner - Source File: Props.txt
2023-10-25 19:44:26,012 [main] INFO  Lab2.EmailListCleaner - Cleaned File: Prospects_clean.csv
2023-10-25 19:44:26,025 [main] ERROR Lab2.EmailListCleaner - Error: Invalid data format found. Skipping the line: Josephine  ,Darakjy
2023-10-25 19:44:26,030 [main] INFO  Lab2.EmailListCleaner - Congratulations! Your file has been cleaned!
2023-10-25 19:57:43,916 [main] INFO  Lab2.EmailListCleaner - Choose input file format:
2023-10-25 19:57:43,921 [main] INFO  Lab2.EmailListCleaner - 1. Text
2023-10-25 19:57:43,921 [main] INFO  Lab2.EmailListCleaner - 2. CSV
2023-10-25 19:57:46,035 [main] INFO  Lab2.EmailListCleaner - File Cleaner

2023-10-25 19:57:46,035 [main] INFO  Lab2.EmailListCleaner - Source File: Props.txt
2023-10-25 19:57:46,035 [main] INFO  Lab2.EmailListCleaner - Cleaned File: Prospects_clean.csv
2023-10-25 19:57:46,038 [main] ERROR Lab2.EmailListCleaner - Error: Invalid data format found. Skipping the line: Josephine  ,Darakjy
2023-10-25 19:57:46,043 [main] INFO  Lab2.EmailListCleaner - Congratulations! Your file has been cleaned!
2023-10-25 19:57:50,451 [main] INFO  Lab2.EmailListCleaner - Choose input file format:
2023-10-25 19:57:50,455 [main] INFO  Lab2.EmailListCleaner - 1. Text
2023-10-25 19:57:50,455 [main] INFO  Lab2.EmailListCleaner - 2. CSV
2023-10-25 19:57:51,971 [main] INFO  Lab2.EmailListCleaner - File Cleaner

2023-10-25 19:57:51,972 [main] INFO  Lab2.EmailListCleaner - Source File: Prospects.csv
2023-10-25 19:57:51,972 [main] INFO  Lab2.EmailListCleaner - Cleaned File: Prospects_clean.csv
2023-10-25 19:57:51,989 [main] INFO  Lab2.EmailListCleaner - Congratulations! Your file has been cleaned!
2023-10-25 19:58:34,561 [main] ERROR Lab2.EmailListCleaner - Error: Invalid data format found. Skipping the line: invalidemail1
2023-10-25 19:58:34,568 [main] ERROR Lab2.EmailListCleaner - Error: Invalid data format found. Skipping the line: invalidemail2
